Determining if the pthread_create exist failed with the following output:
Change Dir: /home/viki/workspace/Midterm/build/CMakeFiles/CMakeTmp

Run Build Command:"/usr/bin/make" "cmTryCompileExec1497702832/fast"
/usr/bin/make -f CMakeFiles/cmTryCompileExec1497702832.dir/build.make CMakeFiles/cmTryCompileExec1497702832.dir/build
make[1]: Entering directory `/home/viki/workspace/Midterm/build/CMakeFiles/CMakeTmp'
/usr/bin/cmake -E cmake_progress_report /home/viki/workspace/Midterm/build/CMakeFiles/CMakeTmp/CMakeFiles 1
Building C object CMakeFiles/cmTryCompileExec1497702832.dir/CheckSymbolExists.c.o
/usr/bin/cc    -o CMakeFiles/cmTryCompileExec1497702832.dir/CheckSymbolExists.c.o   -c /home/viki/workspace/Midterm/build/CMakeFiles/CMakeTmp/CheckSymbolExists.c
Linking C executable cmTryCompileExec1497702832
/usr/bin/cmake -E cmake_link_script CMakeFiles/cmTryCompileExec1497702832.dir/link.txt --verbose=1
/usr/bin/cc       CMakeFiles/cmTryCompileExec1497702832.dir/CheckSymbolExists.c.o  -o cmTryCompileExec1497702832 -rdynamic 
CMakeFiles/cmTryCompileExec1497702832.dir/CheckSymbolExists.c.o: In function `main':
CheckSymbolExists.c:(.text+0x16): undefined reference to `pthread_create'
collect2: error: ld returned 1 exit status
make[1]: Leaving directory `/home/viki/workspace/Midterm/build/CMakeFiles/CMakeTmp'
make[1]: *** [cmTryCompileExec1497702832] Error 1
make: *** [cmTryCompileExec1497702832/fast] Error 2

File /home/viki/workspace/Midterm/build/CMakeFiles/CMakeTmp/CheckSymbolExists.c:
/* */
#include <pthread.h>

int main(int argc, char** argv)
{
  (void)argv;
#ifndef pthread_create
  return ((int*)(&pthread_create))[argc];
#else
  (void)argc;
  return 0;
#endif
}

Determining if the function pthread_create exists in the pthreads failed with the following output:
Change Dir: /home/viki/workspace/Midterm/build/CMakeFiles/CMakeTmp

Run Build Command:"/usr/bin/make" "cmTryCompileExec3387170838/fast"
/usr/bin/make -f CMakeFiles/cmTryCompileExec3387170838.dir/build.make CMakeFiles/cmTryCompileExec3387170838.dir/build
make[1]: Entering directory `/home/viki/workspace/Midterm/build/CMakeFiles/CMakeTmp'
/usr/bin/cmake -E cmake_progress_report /home/viki/workspace/Midterm/build/CMakeFiles/CMakeTmp/CMakeFiles 1
Building C object CMakeFiles/cmTryCompileExec3387170838.dir/CheckFunctionExists.c.o
/usr/bin/cc   -DCHECK_FUNCTION_EXISTS=pthread_create   -o CMakeFiles/cmTryCompileExec3387170838.dir/CheckFunctionExists.c.o   -c /usr/share/cmake-3.2/Modules/CheckFunctionExists.c
Linking C executable cmTryCompileExec3387170838
/usr/bin/cmake -E cmake_link_script CMakeFiles/cmTryCompileExec3387170838.dir/link.txt --verbose=1
/usr/bin/cc   -DCHECK_FUNCTION_EXISTS=pthread_create    CMakeFiles/cmTryCompileExec3387170838.dir/CheckFunctionExists.c.o  -o cmTryCompileExec3387170838 -rdynamic -lpthreads 
/usr/bin/ld: cannot find -lpthreads
collect2: error: ld returned 1 exit status
make[1]: Leaving directory `/home/viki/workspace/Midterm/build/CMakeFiles/CMakeTmp'
make[1]: *** [cmTryCompileExec3387170838] Error 1
make: *** [cmTryCompileExec3387170838/fast] Error 2


